0 info it worked if it ends with ok
1 verbose cli [ 'C:\\Program Files\\nodejs\\node.exe',
1 verbose cli   'C:\\Program Files\\nodejs\\node_modules\\npm\\bin\\npm-cli.js',
1 verbose cli   'start',
1 verbose cli   '--',
1 verbose cli   '--port=8280',
1 verbose cli   '--api-root=http://127.0.0.1:8200' ]
2 info using npm@3.10.10
3 info using node@v6.14.2
4 verbose run-script [ 'prestart', 'start', 'poststart' ]
5 info lifecycle cryptocurrency-demo@1.0.0~prestart: cryptocurrency-demo@1.0.0
6 silly lifecycle cryptocurrency-demo@1.0.0~prestart: no script for prestart, continuing
7 info lifecycle cryptocurrency-demo@1.0.0~start: cryptocurrency-demo@1.0.0
8 verbose lifecycle cryptocurrency-demo@1.0.0~start: unsafe-perm in lifecycle true
9 verbose lifecycle cryptocurrency-demo@1.0.0~start: PATH: C:\Program Files\nodejs\node_modules\npm\bin\node-gyp-bin;D:\Dev\ITUniver\exonum\examples\cryptocurrency-advanced\frontend\node_modules\.bin;C:\Program Files (x86)\Common Files\Oracle\Java\javapath;C:\Program Files (x86)\Intel\iCLS Client\;C:\Program Files\Intel\iCLS Client\;C:\Windows\system32;C:\Windows;C:\Windows\System32\Wbem;C:\Windows\System32\WindowsPowerShell\v1.0\;C:\Program Files (x86)\Intel\Intel(R) Management Engine Components\DAL;C:\Program Files\Intel\Intel(R) Management Engine Components\DAL;C:\Program Files (x86)\Intel\Intel(R) Management Engine Components\IPT;C:\Program Files\Intel\Intel(R) Management Engine Components\IPT;C:\Program Files\Microsoft SQL Server\130\Tools\Binn\;C:\Program Files\dotnet\;C:\Program Files (x86)\Microsoft SQL Server\Client SDK\ODBC\130\Tools\Binn\;C:\Program Files (x86)\Microsoft SQL Server\140\Tools\Binn\;C:\Program Files (x86)\Microsoft SQL Server\140\DTS\Binn\;C:\Program Files (x86)\Microsoft SQL Server\140\Tools\Binn\ManagementStudio\;C:\Program Files\Git\cmd;C:\Program Files\Microsoft Network Monitor 3\;C:\Program Files (x86)\Yarn\bin\;C:\Program Files\nodejs\;C:\ProgramData\chocolatey\bin;;C:\Program Files\Microsoft VS Code\bin;D:\Home\dronzhin\.cargo\bin;D:\Home\dronzhin\AppData\Local\Microsoft\WindowsApps;D:\Home\dronzhin\AppData\Local\Yarn\bin;D:\Home\dronzhin\AppData\Roaming\npm
10 verbose lifecycle cryptocurrency-demo@1.0.0~start: CWD: D:\Dev\ITUniver\exonum\examples\cryptocurrency-advanced\frontend
11 silly lifecycle cryptocurrency-demo@1.0.0~start: Args: [ '/d /s /c',
11 silly lifecycle   'node server.js "--port=8280" "--api-root=http://127.0.0.1:8200"' ]
12 verbose stack Error: kill ENOSYS
12 verbose stack     at Object.exports._errnoException (util.js:1020:11)
12 verbose stack     at process.kill (internal/process.js:191:18)
12 verbose stack     at process.listener (C:\Program Files\nodejs\node_modules\npm\node_modules\npmlog\node_modules\gauge\node_modules\signal-exit\index.js:86:15)
12 verbose stack     at emitNone (events.js:91:20)
12 verbose stack     at process.emit (events.js:185:7)
12 verbose stack     at processEmit (C:\Program Files\nodejs\node_modules\npm\node_modules\npmlog\node_modules\gauge\node_modules\signal-exit\index.js:146:32)
12 verbose stack     at processEmit (C:\Program Files\nodejs\node_modules\npm\node_modules\npm-registry-client\node_modules\npmlog\node_modules\gauge\node_modules\signal-exit\index.js:146:32)
12 verbose stack     at Signal.wrap.onsignal (internal/process.js:217:44)
13 verbose cwd D:\Dev\ITUniver\exonum\examples\cryptocurrency-advanced\frontend
14 error Windows_NT 10.0.14393
15 error argv "C:\\Program Files\\nodejs\\node.exe" "C:\\Program Files\\nodejs\\node_modules\\npm\\bin\\npm-cli.js" "start" "--" "--port=8280" "--api-root=http://127.0.0.1:8200"
16 error node v6.14.2
17 error npm  v3.10.10
18 error code ENOSYS
19 error errno ENOSYS
20 error syscall kill
21 error kill ENOSYS
22 error If you need help, you may report this error at:
22 error     <https://github.com/npm/npm/issues>
23 verbose exit [ 1, true ]
